{
  "RSpec": {
    "coverage": {
      "/Users/nickrobinson/Development/ruby/omniauth-square-oauth2/lib/omniauth-square.rb": {
        "lines": [
          1,
          1
        ]
      },
      "/Users/nickrobinson/Development/ruby/omniauth-square-oauth2/lib/omniauth/strategies/square.rb": {
        "lines": [
          1,
          null,
          1,
          1,
          1,
          1,
          null,
          null,
          null,
          null,
          null,
          null,
          1,
          null,
          1,
          1,
          null,
          null,
          null,
          null,
          null,
          1,
          1,
          null,
          null,
          1,
          0,
          0,
          null,
          0,
          null,
          null,
          null,
          null,
          0,
          null,
          null,
          null,
          null,
          null,
          null,
          null,
          null,
          1,
          null,
          1,
          0,
          null,
          null,
          1,
          1,
          2,
          2,
          null,
          null,
          null,
          null,
          null,
          null,
          1
        ]
      }
    },
    "timestamp": 1602350734
  }
}
